<?xml version="1.0" encoding="UTF-8"?>
<testsuite name="airnz.gen2.devicefarmpoc.autotests.TestRunner" tests="0" skipped="0" failures="0" errors="0" timestamp="1970-01-01T00:00:00" hostname="MBPC02GX1ZGQ05N" time="0.0">
  <properties/>
  <system-out><![CDATA[]]></system-out>
  <system-err><![CDATA[?[32m?[1m┌──────────────────────────────────────────────────────────────────────────┐?[0m
?[32m?[1m│?[0m View your Cucumber Report at:                                            ?[32m?[1m│?[0m
?[32m?[1m│?[0m ?[1m?[36m?[4mhttps://reports.cucumber.io/reports/74fda61f-3dc3-4b8e-b08f-25d04bd053db?[0m ?[32m?[1m│?[0m
?[32m?[1m│?[0m                                                                          ?[32m?[1m│?[0m
?[32m?[1m│?[0m ?[1mThis report will self-destruct in 24h.?[0m                                   ?[32m?[1m│?[0m
?[32m?[1m│?[0m Keep reports forever: ?[4m?[1m?[36mhttps://reports.cucumber.io/profile?[0m                ?[32m?[1m│?[0m
?[32m?[1m└──────────────────────────────────────────────────────────────────────────┘?[0m]]></system-err>
</testsuite>
