<?xml version="1.0" encoding="UTF-8"?>
<testsuite name="Anonymous User" tests="1" skipped="0" failures="0" errors="0" timestamp="2023-03-24T08:31:21" hostname="MBPC02GX1ZGQ05N" time="40.547">
  <properties/>
  <testcase name="Anonymous user taps continue without signing in" classname="Anonymous User" time="40.547"/>
  <system-out><![CDATA[]]></system-out>
  <system-err><![CDATA[SLF4J: Failed to load class "org.slf4j.impl.StaticLoggerBinder".
SLF4J: Defaulting to no-operation (NOP) logger implementation
SLF4J: See http://www.slf4j.org/codes.html#StaticLoggerBinder for further details.
]]></system-err>
</testsuite>
